Using pre-set license
Built from '2021.3/staging' branch; Version is '2021.3.6f1 (7da38d85baf6) revision 8233869'; Using compiler version '192829333'; Build Type 'Release'
OS: 'Windows 10  (10.0.19043) 64bit Professional' Language: 'en' Physical Memory: 16215 MB
BatchMode: 1, IsHumanControllingUs: 0, StartBugReporterOnCrash: 0, Is64bit: 1, IsPro: 1

COMMAND LINE ARGUMENTS:
C:\Program Files\Unity\Hub\Editor\2021.3.6f1\Editor\Unity.exe
-adb2
-batchMode
-noUpm
-name
AssetImportWorker0
-projectPath
C:/Stefan Zagarov/Unity Projects/Legend List
-logFile
Logs/AssetImportWorker0.log
-srvPort
55099
Successfully changed project path to: C:/Stefan Zagarov/Unity Projects/Legend List
C:/Stefan Zagarov/Unity Projects/Legend List
[UnityMemory] Configuration Parameters - Can be set up in boot.config
    "memorysetup-bucket-allocator-granularity=16"
    "memorysetup-bucket-allocator-bucket-count=8"
    "memorysetup-bucket-allocator-block-size=33554432"
    "memorysetup-bucket-allocator-block-count=8"
    "memorysetup-main-allocator-block-size=16777216"
    "memorysetup-thread-allocator-block-size=16777216"
    "memorysetup-gfx-main-allocator-block-size=16777216"
    "memorysetup-gfx-thread-allocator-block-size=16777216"
    "memorysetup-cache-allocator-block-size=4194304"
    "memorysetup-typetree-allocator-block-size=2097152"
    "memorysetup-profiler-bucket-allocator-granularity=16"
    "memorysetup-profiler-bucket-allocator-bucket-count=8"
    "memorysetup-profiler-bucket-allocator-block-size=33554432"
    "memorysetup-profiler-bucket-allocator-block-count=8"
    "memorysetup-profiler-allocator-block-size=16777216"
    "memorysetup-profiler-editor-allocator-block-size=1048576"
    "memorysetup-temp-allocator-size-main=16777216"
    "memorysetup-job-temp-allocator-block-size=2097152"
    "memorysetup-job-temp-allocator-block-size-background=1048576"
    "memorysetup-job-temp-allocator-reduction-small-platforms=262144"
    "memorysetup-temp-allocator-size-background-worker=32768"
    "memorysetup-temp-allocator-size-job-worker=262144"
    "memorysetup-temp-allocator-size-preload-manager=33554432"
    "memorysetup-temp-allocator-size-nav-mesh-worker=65536"
    "memorysetup-temp-allocator-size-audio-worker=65536"
    "memorysetup-temp-allocator-size-cloud-worker=32768"
    "memorysetup-temp-allocator-size-gi-baking-worker=262144"
    "memorysetup-temp-allocator-size-gfx=262144"
Refreshing native plugins compatible for Editor in 95.14 ms, found 12 plugins.
Preloading 0 native plugins for Editor in 0.00 ms.
Initialize engine version: 2021.3.6f1 (7da38d85baf6)
[Subsystems] Discovering subsystems at path C:/Program Files/Unity/Hub/Editor/2021.3.6f1/Editor/Data/Resources/UnitySubsystems
[Subsystems] Discovering subsystems at path C:/Stefan Zagarov/Unity Projects/Legend List/Assets
GfxDevice: creating device client; threaded=0; jobified=0
Direct3D:
    Version:  Direct3D 11.0 [level 11.1]
    Renderer: NVIDIA GeForce GTX 1650 (ID=0x1f99)
    Vendor:   NVIDIA
    VRAM:     3962 MB
    Driver:   27.21.14.5167
Initialize mono
Mono path[0] = 'C:/Program Files/Unity/Hub/Editor/2021.3.6f1/Editor/Data/Managed'
Mono path[1] = 'C:/Program Files/Unity/Hub/Editor/2021.3.6f1/Editor/Data/MonoBleedingEdge/lib/mono/unityjit-win32'
Mono config path = 'C:/Program Files/Unity/Hub/Editor/2021.3.6f1/Editor/Data/MonoBleedingEdge/etc'
Using monoOptions --debugger-agent=transport=dt_socket,embedding=1,server=y,suspend=n,address=127.0.0.1:56544
Begin MonoManager ReloadAssembly
Registering precompiled unity dll's ...
Register platform support module: C:/Program Files/Unity/Hub/Editor/2021.3.6f1/Editor/Data/PlaybackEngines/WindowsStandaloneSupport/UnityEditor.WindowsStandalone.Extensions.dll
Register platform support module: C:/Program Files/Unity/Hub/Editor/2021.3.6f1/Editor/Data/PlaybackEngines/MetroSupport/UnityEditor.UWP.Extensions.dll
Registered in 0.005959 seconds.
Native extension for UWP target not found
Native extension for WindowsStandalone target not found
Refreshing native plugins compatible for Editor in 84.73 ms, found 12 plugins.
Preloading 0 native plugins for Editor in 0.00 ms.
Mono: successfully reloaded assembly
- Completed reload, in  0.593 seconds
Domain Reload Profiling:
	ReloadAssembly (593ms)
		BeginReloadAssembly (65ms)
			ExecutionOrderSort (0ms)
			DisableScriptedObjects (0ms)
			BackupInstance (0ms)
			ReleaseScriptingObjects (0ms)
			CreateAndSetChildDomain (1ms)
		EndReloadAssembly (435ms)
			LoadAssemblies (62ms)
			RebuildTransferFunctionScriptingTraits (0ms)
			SetupTypeCache (96ms)
			ReleaseScriptCaches (0ms)
			RebuildScriptCaches (29ms)
			SetupLoadedEditorAssemblies (259ms)
				LogAssemblyErrors (0ms)
				InitializePlatformSupportModulesInManaged (8ms)
				SetLoadedEditorAssemblies (0ms)
				RefreshPlugins (85ms)
				BeforeProcessingInitializeOnLoad (1ms)
				ProcessInitializeOnLoadAttributes (123ms)
				ProcessInitializeOnLoadMethodAttributes (41ms)
				AfterProcessingInitializeOnLoad (0ms)
				EditorAssembliesLoaded (0ms)
			ExecutionOrderSort2 (0ms)
			AwakeInstancesAfterBackupRestoration (0ms)
Platform modules already initialized, skipping
Registering precompiled user dll's ...
Registered in 0.007155 seconds.
Begin MonoManager ReloadAssembly
Symbol file LoadedFromMemory doesn't match image C:\Stefan Zagarov\Unity Projects\Legend List\Library\PackageCache\com.unity.visualscripting@1.7.8\Editor\VisualScripting.Core\Dependencies\DotNetZip\Unity.VisualScripting.IonicZip.dll
Symbol file LoadedFromMemory doesn't match image C:\Stefan Zagarov\Unity Projects\Legend List\Library\PackageCache\com.unity.visualscripting@1.7.8\Editor\VisualScripting.Core\Dependencies\YamlDotNet\Unity.VisualScripting.YamlDotNet.dll
Native extension for UWP target not found
Native extension for WindowsStandalone target not found
Refreshing native plugins compatible for Editor in 1.01 ms, found 12 plugins.
Preloading 0 native plugins for Editor in 0.00 ms.
Mono: successfully reloaded assembly
- Completed reload, in  0.960 seconds
Domain Reload Profiling:
	ReloadAssembly (961ms)
		BeginReloadAssembly (105ms)
			ExecutionOrderSort (0ms)
			DisableScriptedObjects (5ms)
			BackupInstance (0ms)
			ReleaseScriptingObjects (0ms)
			CreateAndSetChildDomain (17ms)
		EndReloadAssembly (751ms)
			LoadAssemblies (75ms)
			RebuildTransferFunctionScriptingTraits (0ms)
			SetupTypeCache (243ms)
			ReleaseScriptCaches (1ms)
			RebuildScriptCaches (47ms)
			SetupLoadedEditorAssemblies (357ms)
				LogAssemblyErrors (0ms)
				InitializePlatformSupportModulesInManaged (6ms)
				SetLoadedEditorAssemblies (0ms)
				RefreshPlugins (1ms)
				BeforeProcessingInitializeOnLoad (89ms)
				ProcessInitializeOnLoadAttributes (230ms)
				ProcessInitializeOnLoadMethodAttributes (25ms)
				AfterProcessingInitializeOnLoad (6ms)
				EditorAssembliesLoaded (0ms)
			ExecutionOrderSort2 (0ms)
			AwakeInstancesAfterBackupRestoration (5ms)
Platform modules already initialized, skipping
========================================================================
Worker process is ready to serve import requests
Launched and connected shader compiler UnityShaderCompiler.exe after 0.03 seconds
Refreshing native plugins compatible for Editor in 0.87 ms, found 12 plugins.
Preloading 0 native plugins for Editor in 0.00 ms.
Unloading 3621 Unused Serialized files (Serialized files now loaded: 0)
Unloading 78 unused Assets / (114.7 KB). Loaded Objects now: 4035.
Memory consumption went from 163.5 MB to 163.3 MB.
Total: 2.889200 ms (FindLiveObjects: 0.306100 ms CreateObjectMapping: 0.252200 ms MarkObjects: 2.194300 ms  DeleteObjects: 0.135700 ms)

AssetImportParameters requested are different than current active one (requested -> active):
  custom:video-decoder-ogg-theora: a1e56fd34408186e4bbccfd4996cb3dc -> 
  custom:container-muxer-webm: aa71ff27fc2769a1b78a27578f13a17b -> 
  custom:container-demuxer-webm: 4f35f7cbe854078d1ac9338744f61a02 -> 
  custom:video-encoder-webm-vp8: eb34c28f22e8b96e1ab97ce403110664 -> 
  custom:audio-encoder-webm-vorbis: bf7c407c2cedff20999df2af8eb42d56 -> 
  custom:framework-win-MediaFoundation: 216162199b28c13a410421893ffa2e32 -> 
  custom:container-demuxer-ogg: 62fdf1f143b41e24485cea50d1cbac27 -> 
  custom:video-decoder-webm-vp8: 9c59270c3fd7afecdb556c50c9e8de78 -> 
  custom:audio-decoder-ogg-vorbis: bf7c407c2cedff20999df2af8eb42d56 -> 
========================================================================
Received Import Request.
  Time since last request: 87328.089096 seconds.
  path: Assets/Objects/Chair.prefab
  artifactKey: Guid(6a8c413e70fd10642bd45ae7f5da40f6) Importer(815301076,1909f56bfc062723c751e8b465ee728b)
Start importing Assets/Objects/Chair.prefab using Guid(6a8c413e70fd10642bd45ae7f5da40f6) Importer(815301076,1909f56bfc062723c751e8b465ee728b)  -> (artifact id: '52b2a855597015d330ca77100e1d6a7b') in 0.098813 seconds 
========================================================================
Received Import Request.
  Time since last request: 5.271188 seconds.
  path: Assets/Objects/Bench.prefab
  artifactKey: Guid(2ccc732251031234d91eb7338940e80f) Importer(815301076,1909f56bfc062723c751e8b465ee728b)
Start importing Assets/Objects/Bench.prefab using Guid(2ccc732251031234d91eb7338940e80f) Importer(815301076,1909f56bfc062723c751e8b465ee728b)  -> (artifact id: '9d5a22d8737bd3cb4a131c91baad3023') in 0.013085 seconds 
========================================================================
Received Import Request.
  Time since last request: 4.692595 seconds.
  path: Assets/Objects/Table.prefab
  artifactKey: Guid(3fb0028a54006a143b09c47e8806844a) Importer(815301076,1909f56bfc062723c751e8b465ee728b)
Start importing Assets/Objects/Table.prefab using Guid(3fb0028a54006a143b09c47e8806844a) Importer(815301076,1909f56bfc062723c751e8b465ee728b)  -> (artifact id: '76b267c08ea0edca3367e980eff06243') in 0.015356 seconds 
========================================================================
Received Import Request.
  Time since last request: 6.954710 seconds.
  path: Assets/Objects/Test Objects/Object1.prefab
  artifactKey: Guid(3c6ce91f3dab116429a1dff97576242f) Importer(815301076,1909f56bfc062723c751e8b465ee728b)
Start importing Assets/Objects/Test Objects/Object1.prefab using Guid(3c6ce91f3dab116429a1dff97576242f) Importer(815301076,1909f56bfc062723c751e8b465ee728b)  -> (artifact id: 'd2cd30edbd9185d2d41709d469305d8b') in 0.013590 seconds 
========================================================================
Received Import Request.
  Time since last request: 3.550226 seconds.
  path: Assets/Objects/Test Objects/Object2.prefab
  artifactKey: Guid(e51d2f00f6f6c8949af6ce34fb4c4e45) Importer(815301076,1909f56bfc062723c751e8b465ee728b)
Start importing Assets/Objects/Test Objects/Object2.prefab using Guid(e51d2f00f6f6c8949af6ce34fb4c4e45) Importer(815301076,1909f56bfc062723c751e8b465ee728b)  -> (artifact id: 'b6c5e7073fd2e1f27aaac390a1df4236') in 0.011582 seconds 
========================================================================
Received Import Request.
  Time since last request: 3.499667 seconds.
  path: Assets/Objects/Test Objects/Object3.prefab
  artifactKey: Guid(2be40850460e27247af452b73b216d59) Importer(815301076,1909f56bfc062723c751e8b465ee728b)
Start importing Assets/Objects/Test Objects/Object3.prefab using Guid(2be40850460e27247af452b73b216d59) Importer(815301076,1909f56bfc062723c751e8b465ee728b)  -> (artifact id: '067fea31c1e40a194fda430467c660d4') in 0.016323 seconds 
========================================================================
Received Import Request.
  Time since last request: 3.415188 seconds.
  path: Assets/Objects/Test Objects/Object4.prefab
  artifactKey: Guid(9f37eb4d84127234abfb142ce5bea1fb) Importer(815301076,1909f56bfc062723c751e8b465ee728b)
Start importing Assets/Objects/Test Objects/Object4.prefab using Guid(9f37eb4d84127234abfb142ce5bea1fb) Importer(815301076,1909f56bfc062723c751e8b465ee728b)  -> (artifact id: '640cb3979e99994cb946f616467dd5ab') in 0.011253 seconds 
========================================================================
Received Import Request.
  Time since last request: 11.178624 seconds.
  path: Assets/Legend List/Scripts/LegendGenerator.cs
  artifactKey: Guid(023a8ec07cb115d499f813dad3f23427) Importer(815301076,1909f56bfc062723c751e8b465ee728b)
Start importing Assets/Legend List/Scripts/LegendGenerator.cs using Guid(023a8ec07cb115d499f813dad3f23427) Importer(815301076,1909f56bfc062723c751e8b465ee728b)  -> (artifact id: 'd1b274578edcda1abeaad801bd579d03') in 0.011697 seconds 
========================================================================
Received Import Request.
  Time since last request: 15.759008 seconds.
  path: Assets/Legend List/Scripts/LegendGenerator.cs
  artifactKey: Guid(023a8ec07cb115d499f813dad3f23427) Importer(815301076,1909f56bfc062723c751e8b465ee728b)
Start importing Assets/Legend List/Scripts/LegendGenerator.cs using Guid(023a8ec07cb115d499f813dad3f23427) Importer(815301076,1909f56bfc062723c751e8b465ee728b)  -> (artifact id: '23b45f16ea5a5e8fa12c6db8f8865dcb') in 0.001762 seconds 
========================================================================
Received Import Request.
  Time since last request: 5.788076 seconds.
  path: Assets/Legend List/Scripts/LegendGenerator.cs
  artifactKey: Guid(023a8ec07cb115d499f813dad3f23427) Importer(815301076,1909f56bfc062723c751e8b465ee728b)
Start importing Assets/Legend List/Scripts/LegendGenerator.cs using Guid(023a8ec07cb115d499f813dad3f23427) Importer(815301076,1909f56bfc062723c751e8b465ee728b)  -> (artifact id: 'fd0c05155385f739e364b4afc2c81a04') in 0.003137 seconds 
========================================================================
Received Prepare
Registering precompiled user dll's ...
Registered in 0.009217 seconds.
Begin MonoManager ReloadAssembly
Symbol file LoadedFromMemory doesn't match image C:\Stefan Zagarov\Unity Projects\Legend List\Library\PackageCache\com.unity.visualscripting@1.7.8\Editor\VisualScripting.Core\Dependencies\DotNetZip\Unity.VisualScripting.IonicZip.dll
Symbol file LoadedFromMemory doesn't match image C:\Stefan Zagarov\Unity Projects\Legend List\Library\PackageCache\com.unity.visualscripting@1.7.8\Editor\VisualScripting.Core\Dependencies\YamlDotNet\Unity.VisualScripting.YamlDotNet.dll
Native extension for UWP target not found
Native extension for WindowsStandalone target not found
Refreshing native plugins compatible for Editor in 1.66 ms, found 12 plugins.
Preloading 0 native plugins for Editor in 0.00 ms.
Mono: successfully reloaded assembly
- Completed reload, in  0.984 seconds
Domain Reload Profiling:
	ReloadAssembly (985ms)
		BeginReloadAssembly (123ms)
			ExecutionOrderSort (0ms)
			DisableScriptedObjects (4ms)
			BackupInstance (0ms)
			ReleaseScriptingObjects (0ms)
			CreateAndSetChildDomain (34ms)
		EndReloadAssembly (771ms)
			LoadAssemblies (78ms)
			RebuildTransferFunctionScriptingTraits (0ms)
			SetupTypeCache (260ms)
			ReleaseScriptCaches (2ms)
			RebuildScriptCaches (42ms)
			SetupLoadedEditorAssemblies (347ms)
				LogAssemblyErrors (0ms)
				InitializePlatformSupportModulesInManaged (13ms)
				SetLoadedEditorAssemblies (1ms)
				RefreshPlugins (2ms)
				BeforeProcessingInitializeOnLoad (74ms)
				ProcessInitializeOnLoadAttributes (220ms)
				ProcessInitializeOnLoadMethodAttributes (30ms)
				AfterProcessingInitializeOnLoad (7ms)
				EditorAssembliesLoaded (0ms)
			ExecutionOrderSort2 (0ms)
			AwakeInstancesAfterBackupRestoration (6ms)
Platform modules already initialized, skipping
Refreshing native plugins compatible for Editor in 7.26 ms, found 12 plugins.
Preloading 0 native plugins for Editor in 0.00 ms.
Unloading 3537 Unused Serialized files (Serialized files now loaded: 0)
Unloading 71 unused Assets / (83.0 KB). Loaded Objects now: 4047.
Memory consumption went from 159.9 MB to 159.8 MB.
Total: 2.807400 ms (FindLiveObjects: 0.289300 ms CreateObjectMapping: 0.181700 ms MarkObjects: 2.188400 ms  DeleteObjects: 0.147400 ms)

AssetImportParameters requested are different than current active one (requested -> active):
  custom:video-decoder-ogg-theora: a1e56fd34408186e4bbccfd4996cb3dc -> 
  custom:container-muxer-webm: aa71ff27fc2769a1b78a27578f13a17b -> 
  custom:container-demuxer-webm: 4f35f7cbe854078d1ac9338744f61a02 -> 
  custom:video-encoder-webm-vp8: eb34c28f22e8b96e1ab97ce403110664 -> 
  custom:audio-encoder-webm-vorbis: bf7c407c2cedff20999df2af8eb42d56 -> 
  custom:framework-win-MediaFoundation: 216162199b28c13a410421893ffa2e32 -> 
  custom:container-demuxer-ogg: 62fdf1f143b41e24485cea50d1cbac27 -> 
  custom:video-decoder-webm-vp8: 9c59270c3fd7afecdb556c50c9e8de78 -> 
  custom:audio-decoder-ogg-vorbis: bf7c407c2cedff20999df2af8eb42d56 -> 
========================================================================
Received Prepare
Registering precompiled user dll's ...
Registered in 0.008155 seconds.
Begin MonoManager ReloadAssembly
Symbol file LoadedFromMemory doesn't match image C:\Stefan Zagarov\Unity Projects\Legend List\Library\PackageCache\com.unity.visualscripting@1.7.8\Editor\VisualScripting.Core\Dependencies\DotNetZip\Unity.VisualScripting.IonicZip.dll
Symbol file LoadedFromMemory doesn't match image C:\Stefan Zagarov\Unity Projects\Legend List\Library\PackageCache\com.unity.visualscripting@1.7.8\Editor\VisualScripting.Core\Dependencies\YamlDotNet\Unity.VisualScripting.YamlDotNet.dll
Native extension for UWP target not found
Native extension for WindowsStandalone target not found
Refreshing native plugins compatible for Editor in 0.81 ms, found 12 plugins.
Preloading 0 native plugins for Editor in 0.00 ms.
Mono: successfully reloaded assembly
- Completed reload, in  1.027 seconds
Domain Reload Profiling:
	ReloadAssembly (1028ms)
		BeginReloadAssembly (128ms)
			ExecutionOrderSort (0ms)
			DisableScriptedObjects (6ms)
			BackupInstance (0ms)
			ReleaseScriptingObjects (0ms)
			CreateAndSetChildDomain (39ms)
		EndReloadAssembly (811ms)
			LoadAssemblies (72ms)
			RebuildTransferFunctionScriptingTraits (0ms)
			SetupTypeCache (258ms)
			ReleaseScriptCaches (1ms)
			RebuildScriptCaches (46ms)
			SetupLoadedEditorAssemblies (376ms)
				LogAssemblyErrors (0ms)
				InitializePlatformSupportModulesInManaged (13ms)
				SetLoadedEditorAssemblies (0ms)
				RefreshPlugins (1ms)
				BeforeProcessingInitializeOnLoad (75ms)
				ProcessInitializeOnLoadAttributes (248ms)
				ProcessInitializeOnLoadMethodAttributes (31ms)
				AfterProcessingInitializeOnLoad (7ms)
				EditorAssembliesLoaded (0ms)
			ExecutionOrderSort2 (0ms)
			AwakeInstancesAfterBackupRestoration (6ms)
Platform modules already initialized, skipping
Refreshing native plugins compatible for Editor in 8.26 ms, found 12 plugins.
Preloading 0 native plugins for Editor in 0.00 ms.
Unloading 3537 Unused Serialized files (Serialized files now loaded: 0)
Unloading 71 unused Assets / (83.0 KB). Loaded Objects now: 4050.
Memory consumption went from 159.9 MB to 159.8 MB.
Total: 4.287300 ms (FindLiveObjects: 0.444100 ms CreateObjectMapping: 0.323100 ms MarkObjects: 3.399300 ms  DeleteObjects: 0.119600 ms)

AssetImportParameters requested are different than current active one (requested -> active):
  custom:video-decoder-ogg-theora: a1e56fd34408186e4bbccfd4996cb3dc -> 
  custom:container-muxer-webm: aa71ff27fc2769a1b78a27578f13a17b -> 
  custom:container-demuxer-webm: 4f35f7cbe854078d1ac9338744f61a02 -> 
  custom:video-encoder-webm-vp8: eb34c28f22e8b96e1ab97ce403110664 -> 
  custom:audio-encoder-webm-vorbis: bf7c407c2cedff20999df2af8eb42d56 -> 
  custom:framework-win-MediaFoundation: 216162199b28c13a410421893ffa2e32 -> 
  custom:container-demuxer-ogg: 62fdf1f143b41e24485cea50d1cbac27 -> 
  custom:video-decoder-webm-vp8: 9c59270c3fd7afecdb556c50c9e8de78 -> 
  custom:audio-decoder-ogg-vorbis: bf7c407c2cedff20999df2af8eb42d56 -> 
